Arguments: 
  C:\Program Files\nodejs\node.exe C:\Program Files (x86)\Yarn\bin\yarn.js install

PATH: 
  D:\dina\demo\boombuy-dimension\node_modules\.bin;C:\Program Files (x86)\Microsoft SDKs\Azure\CLI2\wbin;C:\Program Files\SapMachine\JDK\11\bin;C:\Program Files (x86)\Common Files\Oracle\Java\javapath;C:\WINDOWS\system32;C:\WINDOWS;C:\WINDOWS\System32\Wbem;C:\WINDOWS\System32\WindowsPowerShell\v1.0\;C:\Program Files\dotnet\;C:\Program Files\Microsoft SQL Server\130\Tools\Binn\;D:\CoolTools\shorts;D:\CoolTools\TestDomainSwitcher;C:\Program Files\Microsoft VS Code\bin;C:\Program Files (x86)\GitExtensions\;D:\curl-7.40.0-win64\bin;C:\ProgramData\Microsoft\Windows\Start Menu\Programs\Python 2.7;C:\WINDOWS\System32\OpenSSH\;C:\Program Files (x86)\NUnit.org\nunit-console;D:\dvlp\LiteFlowsService\packages\JetBrains.DotMemoryUnit\lib\tools\dotMemoryUnit.exe;C:\Program Files (x86)\Java\jdk1.8.0_172;D:\paket;C:\Users\I347305\AppData\Local\Programs\Python\Python37-32\Scripts\;C:\Users\I347305\AppData\Local\Programs\Python\Python37-32\;D:\KMSAdmin\Debug;C:\Program Files\dotnet;C:\wintools;C:\Program Files (x86)\Intel\Intel(R) Management Engine Components\DAL;C:\Program Files\Intel\Intel(R) Management Engine Components\DAL;C:\Program Files (x86)\Yarn\bin\;C:\Program Files\dotnet\sdk\3.1.201\Sdks;C:\Program Files\Microsoft SQL Server\Client SDK\ODBC\170\Tools\Binn\;C:\Program Files (x86)\Microsoft SQL Server\150\Tools\Binn\;C:\Program Files\Microsoft SQL Server\150\Tools\Binn\;C:\Program Files\Microsoft SQL Server\150\DTS\Binn\;C:\Program Files (x86)\Microsoft SQL Server\150\DTS\Binn\;D:\nuget;C:\Program Files (x86)\Windows Kits\10\Windows Performance Toolkit\;C:\Program Files\nodejs\;C:\Program Files\Docker\Docker\resources\bin;C:\ProgramData\DockerDesktop\version-bin;C:\Program Files\PuTTY\;D:\sysinternals\SysinternalsSuite;C:\Program Files\Git\cmd;C:\Program Files (x86)\dotnet\;C:\Users\I347305\.windows-build-tools\python27\;C:\Users\I347305\AppData\Local\Microsoft\WindowsApps;C:\Users\I347305\AppData\Local\Programs\Fiddler;C:\Program Files\heroku\bin;C:\Users\I347305\.dotnet\tools;C:\Program Files\JetBrains\JetBrains Rider 2020.2.4\bin;C:\Users\I347305\AppData\Local\Microsoft\WindowsApps;C:\Users\I347305\AppData\Roaming\npm;C:\Users\I347305\AppData\Local\Yarn\bin;C:\Users\I347305\.dotnet\tools;C:\Users\I347305\.dotnet\tools

Yarn version: 
  1.22.5

Node version: 
  12.19.0

Platform: 
  win32 x64

Trace: 
  Error: EPERM: operation not permitted, unlink 'D:\dina\demo\boombuy-dimension\node_modules\node-sass\vendor\win32-x64-72\binding.node'

npm manifest: 
  {
    "name": "boombuy-dimension",
    "version": "1.0.0",
    "description": "",
    "main": "index.js",
    "repository": {
      "type": "git",
      "url": "git@github.com:dinavinter/boombuy-dimension.git"
    },
    "homepage": "https://dinavinter.github.io/boombuy-dimension",
    "scripts": {
      "dev": "next",
      "build": "next build",
      "preexport": "npm run build",
      "export": "next export",
      "prestart": "npm run export",
      "start": "serve out",
      "clean": "rimraf node_modules/.cache .cache out",
      "touchnojekyll": "fsutil file createnew out/.nojekyll 0", 
      "deploy": "npm run clean && next build && next export && npm run touchnojekyll && gh-pages -d out -t true"
   
    },
    "keywords": [],
    "author": "",
    "license": "ISC",
    "dependencies": {
      "@fortawesome/fontawesome": "^1.1.5",
      "@fortawesome/fontawesome-free-brands": "^5.0.10",
      "@fortawesome/fontawesome-free-regular": "^5.0.10",
      "@fortawesome/react-fontawesome": "0.0.18",
      "autoprefixer": "^9.1.5",
      "babel-plugin-module-resolver": "^3.1.1",
      "babel-plugin-wrap-in-js": "^1.1.1",
      "bootstrap": "^5.0.0",
      "glob": "^7.1.3",
      "next": "^7.0.0",
      "node-sass": "^4.9.3",
      "postcss-easy-import": "^3.0.0",
      "postcss-loader": "^3.0.0",
      "raw-loader": "^0.5.1",
      "react": "^17.0.2",
      "react-dom": "^17.0.2",
      "reactstrap": "^8.9.0",
      "sass-loader": "^7.1.0"
    },
    "devDependencies": {
      "rimraf": "^3.0.0",
      "babel-plugin-transform-define": "^1.3.2", 
      "gh-pages": "^2.2.0"
    }
  }

yarn manifest: 
  No manifest

Lockfile: 
  No lockfile
